<?xml version="1.0" encoding="UTF-8"?>
<!-- Generated by org.testng.reporters.JUnitReportReporter -->
<testsuite hostname="AliAzferFamily" failures="0" tests="2" name="com.test.MultiTest" time="6.655" errors="0" timestamp="2025-08-22T22:54:59 IST" skipped="0">
  <testcase classname="com.test.MultiTest" name="SelectDropDown" time="1.783"/>
  <testcase classname="com.test.MultiTest" name="AdvanceDropDown" time="4.872"/>
</testsuite> <!-- com.test.MultiTest -->
