<?xml version="1.0" encoding="UTF-8"?>
<!-- Generated by org.testng.reporters.JUnitReportReporter -->
<testsuite hostname="AliAzferFamily" failures="0" tests="1" name="com.test.MultiFile" time="36.032" errors="0" timestamp="2025-08-22T22:45:55 IST" skipped="0">
  <testcase classname="com.test.MultiFile" name="SelectDropDown" time="36.032"/>
</testsuite> <!-- com.test.MultiFile -->
